INFO:  latexindent.exe version 3.23.6, 2024-01-17, a script to indent .tex files
       latexindent.exe lives here: C:/texlive/2023/bin/windows/
       Sat Apr 20 11:46:52 2024
       Filename: c:/Users/carlo/Desktop/PoliTO/[LM-32]_Laurea Magistrale/IAnno__2023_2024/2__[01UDSOV]_Modeling_and_control_of_cyberphysical_systems/MCCPS_LectureNotes/1_Modeling/__latexindent_temp_Ch5_DistributedAlgForCPSs.tex
INFO:  Processing switches:
       -y|--yaml: YAML settings specified via command line
       -c|--cruft: cruft directory
INFO:  Directory for backup files and c:/Users/carlo/Desktop/PoliTO/[LM-32]_Laurea Magistrale/IAnno__2023_2024/2__[01UDSOV]_Modeling_and_control_of_cyberphysical_systems/MCCPS_LectureNotes//indent.log:
       c:/Users/carlo/Desktop/PoliTO/[LM-32]_Laurea Magistrale/IAnno__2023_2024/2__[01UDSOV]_Modeling_and_control_of_cyberphysical_systems/MCCPS_LectureNotes/
INFO:  YAML settings read: defaultSettings.yaml
       Reading defaultSettings.yaml from C:/texlive/2023/bin/windows/defaultSettings.yaml
       Reading defaultSettings.yaml (2nd attempt) from C:/texlive/2023/bin/windows/../../texmf-dist/scripts/latexindent/defaultSettings.yaml
       and then, if necessary, C:/texlive/2023/bin/windows/LatexIndent/defaultSettings.yaml
INFO:  YAML reading settings
       Home directory is C:\Users\carlo
       latexindent.pl didn't find indentconfig.yaml or .indentconfig.yaml
       see all possible locations: https://latexindentpl.readthedocs.io/en/latest/sec-appendices.html#indentconfig-options)
INFO:  YAML settings read: -y switch
       YAML setting: defaultIndent:'    '
       single-quoted string found in -y switch: '    ', substitute to     
       Updating mainSettings with defaultIndent:     
INFO:  Phase 1: searching for objects
INFO:  Phase 2: finding surrounding indentation
INFO:  Phase 3: indenting objects
INFO:  Phase 4: final indentation check
INFO:  Output routine:
       Not outputting to file; see -w and -o switches for more options.
       --------------
INFO:  Please direct all communication/issues to:
        https://github.com/cmhughes/latexindent.pl
