\BOOKMARK [-1][-]{part.1}{\376\377\000I\000\040\000M\000o\000d\000e\000l\000i\000n\000g\000\040\000o\000f\000\040\000C\000y\000b\000e\000r\000-\000P\000h\000y\000s\000i\000c\000a\000l\000\040\000s\000y\000s\000t\000e\000m\000s}{}% 1
\BOOKMARK [0][-]{chapter.1}{\376\377\000I\000n\000t\000r\000o\000d\000u\000c\000t\000i\000o\000n}{part.1}% 2
\BOOKMARK [1][-]{section.1.1}{\376\377\000S\000o\000m\000e\000\040\000d\000e\000f\000i\000n\000i\000t\000i\000o\000n\000s}{chapter.1}% 3
\BOOKMARK [1][-]{section.1.2}{\376\377\000S\000o\000m\000e\000\040\000e\000x\000a\000m\000p\000l\000e\000s\000\040\000o\000f\000\040\000C\000P\000S}{chapter.1}% 4
\BOOKMARK [1][-]{section.1.3}{\376\377\000E\000n\000a\000b\000l\000i\000n\000g\000\040\000T\000e\000c\000h\000n\000o\000l\000o\000g\000i\000e\000s\000\040\000a\000n\000d\000\040\000r\000e\000l\000a\000t\000e\000d\000\040\000p\000r\000o\000b\000l\000e\000m\000s}{chapter.1}% 5
\BOOKMARK [1][-]{section.1.4}{\376\377\000M\000a\000t\000h\000e\000m\000a\000t\000i\000c\000a\000l\000\040\000m\000o\000d\000e\000l\000s\000\040\000f\000o\000r\000\040\000C\000P\000S}{chapter.1}% 6
\BOOKMARK [0][-]{chapter.2}{\376\377\000S\000e\000c\000u\000r\000e\000\040\000e\000s\000t\000i\000m\000a\000t\000i\000o\000n\000\040\000o\000f\000\040\000C\000P\000S\000s\000\040\000s\000t\000a\000t\000e\000\040\000u\000n\000d\000e\000r\000\040\000a\000d\000v\000e\000r\000s\000a\000r\000i\000a\000l\000\040\000a\000t\000t\000a\000c\000k\000s}{part.1}% 7
\BOOKMARK [1][-]{section.2.1}{\376\377\000S\000t\000a\000t\000e\000\040\000e\000s\000t\000i\000m\000a\000t\000i\000o\000n\000\040\000a\000n\000d\000\040\000O\000b\000s\000e\000r\000v\000a\000b\000i\000l\000t\000y}{chapter.2}% 8
\BOOKMARK [1][-]{section.2.2}{\376\377\000S\000e\000c\000u\000r\000e\000\040\000s\000t\000a\000t\000e\000\040\000e\000s\000t\000i\000m\000a\000t\000i\000o\000n}{chapter.2}% 9
\BOOKMARK [1][-]{section.2.3}{\376\377\000W\000e\000l\000l\000-\000P\000o\000s\000i\000t\000i\000o\000n\000\040\000o\000f\000\040\000t\000h\000e\000\040\000p\000r\000o\000b\000l\000e\000m\000\040\000\050\000S\000t\000a\000t\000i\000c\000\040\000c\000a\000s\000e\000\051}{chapter.2}% 10
\BOOKMARK [2][-]{subsection.2.3.1}{\376\377\000S\000o\000m\000e\000\040\000e\000x\000a\000m\000p\000l\000e\000s}{section.2.3}% 11
\BOOKMARK [2][-]{subsection.2.3.2}{\376\377\000A\000\040\000n\000e\000c\000e\000s\000s\000a\000r\000y\000\040\000c\000o\000n\000d\000i\000t\000i\000o\000n\000\040\000f\000o\000r\000\040\000w\000e\000l\000l\000-\000p\000o\000s\000i\000t\000i\000o\000n}{section.2.3}% 12
\BOOKMARK [1][-]{section.2.4}{\376\377\000R\000e\000f\000o\000r\000m\000u\000l\000a\000t\000i\000o\000n\000\040\000o\000f\000\040\000y\000=\000C\000x\000+\000a\000\040\000\040\000s\000.\000t\000.\000\040\000\040\000a\000\040\0000\000\040\000h}{chapter.2}% 13
\BOOKMARK [2][-]{subsection.2.4.1}{\376\377\000W\000h\000y\000\040\0001\000-\000r\000e\000g\000u\000l\000a\000r\000i\000z\000a\000t\000i\000o\000n\000\040\000p\000r\000o\000m\000o\000t\000e\000s\000\040\000s\000p\000a\000r\000s\000i\000t\000y\000?}{section.2.4}% 14
\BOOKMARK [2][-]{subsection.2.4.2}{\376\377\000S\000o\000m\000e\000\040\000o\000b\000s\000e\000r\000v\000a\000t\000i\000o\000n\000s}{section.2.4}% 15
\BOOKMARK [1][-]{section.2.5}{\376\377\000I\000S\000T\000:\000\040\000a\000n\000\040\000a\000l\000g\000o\000r\000i\000t\000h\000m\000\040\000f\000o\000r\000\040\000L\000A\000S\000S\000O}{chapter.2}% 16
\BOOKMARK [2][-]{subsection.2.5.1}{\376\377\000D\000e\000r\000i\000v\000a\000t\000i\000o\000n\000\040\000o\000f\000\040\000I\000S\000T\000\040\000A\000l\000g\000o\000r\000i\000t\000h\000m}{section.2.5}% 17
\BOOKMARK [2][-]{subsection.2.5.2}{\376\377\000C\000u\000r\000i\000o\000s\000i\000t\000y}{section.2.5}% 18
\BOOKMARK [2][-]{subsection.2.5.3}{\376\377\000A\000p\000p\000l\000i\000c\000a\000t\000i\000o\000n\000\040\000o\000f\000\040\000I\000S\000T\000A\000\040\000o\000n\000\040\000C\000P\000S\000\040\000f\000r\000a\000m\000e\000w\000o\000r\000k}{section.2.5}% 19
\BOOKMARK [0][-]{chapter.3}{\376\377\000L\000o\000c\000a\000l\000i\000z\000a\000t\000i\000o\000n\000\040\000b\000y\000\040\000R\000S\000S\000\040\000f\000i\000n\000g\000e\000r\000p\000r\000i\000n\000t\000i\000n\000g}{part.1}% 20
\BOOKMARK [1][-]{section.3.1}{\376\377\000I\000n\000t\000r\000o\000d\000u\000c\000t\000i\000o\000n}{chapter.3}% 21
\BOOKMARK [1][-]{section.3.2}{\376\377\000R\000S\000S\000-\000f\000i\000n\000g\000e\000r\000p\000r\000i\000n\000t\000i\000n\000g\000:\000\040\000g\000e\000n\000e\000r\000a\000l\000\040\000d\000e\000s\000c\000r\000i\000p\000t\000i\000o\000n\000\040}{chapter.3}% 22
\BOOKMARK [2][-]{subsection.3.2.1}{\376\377\000\050\000P\000h\000a\000s\000e\000\040\0000\000\051\000\040\000I\000n\000i\000t\000i\000a\000l\000i\000z\000a\000t\000i\000o\000n\000\040}{section.3.2}% 23
\BOOKMARK [2][-]{subsection.3.2.2}{\376\377\000\050\000P\000h\000a\000s\000e\000\040\0001\000\051\000\040\000T\000r\000a\000i\000n\000i\000n\000g\000\040\000p\000h\000a\000s\000e}{section.3.2}% 24
\BOOKMARK [2][-]{subsection.3.2.3}{\376\377\000\050\000P\000h\000a\000s\000e\000\040\0002\000\051\000:\000\040\000R\000u\000n\000t\000i\000m\000e\000\040\000p\000h\000a\000s\000e}{section.3.2}% 25
\BOOKMARK [1][-]{section.3.3}{\376\377\000L\000o\000c\000a\000l\000i\000z\000a\000t\000i\000o\000n\000\040\000u\000n\000d\000e\000r\000\040\000s\000p\000a\000r\000s\000e\000\040\000s\000e\000n\000s\000o\000r\000\040\000a\000t\000t\000a\000c\000k\000s}{chapter.3}% 26
\BOOKMARK [1][-]{section.3.4}{\376\377\000O\000t\000h\000e\000r\000\040\000a\000p\000p\000r\000o\000a\000c\000h\000e\000s\000\040\000t\000o\000\040\000L\000o\000c\000a\000l\000i\000z\000a\000t\000i\000o\000n}{chapter.3}% 27
\BOOKMARK [2][-]{subsection.3.4.1}{\376\377\000k\000-\000N\000e\000a\000r\000e\000s\000t\000\040\000N\000e\000i\000g\000h\000b\000o\000u\000r\000\040\000\050\000K\000-\000N\000N\000\051}{section.3.4}% 28
\BOOKMARK [2][-]{subsection.3.4.2}{\376\377\000L\000i\000n\000e\000a\000r\000\040\000R\000e\000g\000r\000e\000s\000s\000i\000o\000n\000\040\000\050\000n\000o\000i\000s\000e\000-\000f\000r\000e\000e\000\040\000c\000a\000s\000e\000\051}{section.3.4}% 29
\BOOKMARK [1][-]{section.3.5}{\376\377\000S\000o\000m\000e\000\040\000c\000o\000m\000m\000e\000n\000t\000s\000\040\000o\000n\000\040\000t\000h\000e\000\040\000s\000e\000t\000t\000i\000n\000g}{chapter.3}% 30
\BOOKMARK [0][-]{chapter.4}{\376\377\000D\000y\000n\000a\000m\000i\000c\000\040\000S\000e\000c\000u\000r\000e\000\040\000S\000t\000a\000t\000e\000\040\000E\000s\000t\000i\000m\000a\000t\000i\000o\000n\000\040\000o\000f\000\040\000C\000P\000S\000s\000\040\000u\000n\000d\000e\000r\000\040\000a\000d\000v\000e\000r\000s\000a\000r\000i\000a\000l\000\040\000a\000t\000t\000a\000c\000k\000s}{part.1}% 31
\BOOKMARK [1][-]{section.4.1}{\376\377\000R\000e\000v\000i\000e\000w\000\040\000o\000f\000\040\000L\000u\000e\000m\000b\000e\000r\000g\000e\000r\000\040\000O\000b\000s\000e\000r\000v\000e\000r}{chapter.4}% 32
\BOOKMARK [1][-]{section.4.2}{\376\377\000S\000t\000a\000t\000e\000\040\000e\000s\000t\000i\000m\000a\000t\000i\000o\000n\000\040\000b\000y\000\040\000L\000e\000a\000s\000t\000-\000s\000q\000u\000a\000r\000e\000s\000\040\000a\000p\000p\000r\000o\000a\000c\000h}{chapter.4}% 33
\BOOKMARK [1][-]{section.4.3}{\376\377\000D\000y\000n\000a\000m\000i\000c\000\040\000S\000S\000E\000\040\000w\000i\000t\000h\000\040\000c\000o\000n\000s\000t\000a\000n\000t\000\040\000a\000t\000t\000a\000c\000k}{chapter.4}% 34
\BOOKMARK [0][-]{chapter.5}{\376\377\000D\000i\000s\000t\000r\000i\000b\000u\000t\000e\000d\000\040\000C\000o\000n\000s\000e\000n\000s\000u\000s\000\040\000b\000a\000s\000e\000d\000\040\000a\000l\000g\000o\000r\000i\000t\000h\000m\000s\000\040\000f\000o\000r\000\040\000C\000P\000S\000s}{part.1}% 35
\BOOKMARK [1][-]{section.5.1}{\376\377\000T\000o\000w\000a\000r\000d\000\040\000t\000h\000e\000\040\000F\000u\000s\000i\000o\000n\000\040\000C\000e\000n\000t\000e\000r\000\040\000r\000e\000m\000o\000v\000a\000l}{chapter.5}% 36
\BOOKMARK [2][-]{subsection.5.1.1}{\376\377\000M\000o\000t\000i\000v\000a\000t\000i\000o\000n\000s}{section.5.1}% 37
\BOOKMARK [1][-]{section.5.2}{\376\377\000D\000i\000s\000t\000r\000i\000b\000u\000t\000e\000d\000\040\000L\000e\000a\000s\000t\000\040\000S\000q\000u\000a\000r\000e\000s\000\040\000\050\000I\000\051}{chapter.5}% 38
\BOOKMARK [2][-]{subsection.5.2.1}{\376\377\000I\000n\000t\000r\000o\000d\000u\000c\000t\000i\000o\000n\000\040\000t\000o\000\040\000D\000i\000s\000t\000r\000i\000b\000u\000t\000e\000d\000\040\000G\000r\000a\000d\000i\000e\000n\000t\000\040\000D\000e\000s\000c\000e\000n\000t}{section.5.2}% 39
\BOOKMARK [1][-]{section.5.3}{\376\377\000T\000h\000e\000\040\000C\000o\000n\000s\000e\000n\000s\000u\000s\000\040\000a\000l\000g\000o\000r\000i\000t\000h\000m}{chapter.5}% 40
\BOOKMARK [2][-]{subsection.5.3.1}{\376\377\000P\000r\000o\000p\000e\000r\000t\000i\000e\000s\000\040\000o\000f\000\040\000s\000t\000o\000c\000h\000a\000s\000t\000i\000c\000\040\000m\000a\000t\000r\000i\000c\000e\000s}{section.5.3}% 41
\BOOKMARK [2][-]{subsection.5.3.2}{\376\377\000O\000n\000\040\000t\000h\000e\000\040\000c\000o\000n\000n\000e\000c\000t\000i\000v\000i\000t\000y}{section.5.3}% 42
\BOOKMARK [2][-]{subsection.5.3.3}{\376\377\000C\000o\000n\000v\000e\000r\000g\000e\000n\000c\000e\000\040\000r\000a\000t\000e\000\040\000o\000f\000\040\000t\000h\000e\000\040\000C\000o\000n\000s\000e\000n\000s\000u\000s\000\040\000a\000l\000g\000o\000r\000i\000t\000h\000m}{section.5.3}% 43
\BOOKMARK [1][-]{section.5.4}{\376\377\000U\000s\000e\000s\000\040\000o\000f\000\040\000t\000h\000e\000\040\000C\000o\000n\000s\000e\000n\000s\000u\000s\000\040\000a\000l\000g\000o\000r\000i\000t\000h\000m}{chapter.5}% 44
\BOOKMARK [2][-]{subsection.5.4.1}{\376\377\000D\000i\000s\000t\000r\000i\000b\000u\000t\000e\000d\000\040\000L\000e\000a\000s\000t\000-\000S\000q\000u\000a\000r\000e\000s\000\040\000\050\000I\000I\000\051\000\040\000a\000n\000d\000\040\000D\000i\000s\000t\000r\000i\000b\000u\000t\000e\000d\000\040\000G\000r\000a\000d\000i\000e\000n\000t\000\040\000D\000e\000s\000c\000e\000n\000t}{section.5.4}% 45
\BOOKMARK [2][-]{subsection.5.4.2}{\376\377\000P\000r\000o\000b\000l\000e\000m\000\040\000P\000:\000\040\000d\000i\000s\000t\000r\000i\000b\000u\000t\000e\000d\000\040\000m\000i\000n\000i\000m\000i\000z\000a\000t\000i\000o\000n\000\040\000o\000f\000\040\000c\000o\000m\000p\000o\000s\000i\000t\000e\000\040\000f\000u\000n\000c\000t\000i\000o\000n\000a\000l\000s}{section.5.4}% 46
\BOOKMARK [2][-]{subsection.5.4.3}{\376\377\000D\000i\000s\000t\000r\000i\000b\000u\000t\000e\000d\000\040\000I\000S\000T\000A\000\040\000\050\000D\000I\000S\000T\000A\000\051}{section.5.4}% 47
\BOOKMARK [-1][-]{part.2}{\376\377\000I\000I\000\040\000C\000o\000n\000t\000r\000o\000l\000\040\000o\000f\000\040\000C\000y\000b\000e\000r\000-\000P\000h\000y\000s\000i\000c\000a\000l\000\040\000s\000y\000s\000t\000e\000m\000s}{}% 48
\BOOKMARK [0][-]{chapter.6}{\376\377\000I\000n\000t\000r\000o\000d\000u\000c\000t\000i\000o\000n\000\040\000t\000o\000\040\000C\000o\000n\000t\000r\000o\000l\000\040\000o\000f\000\040\000C\000P\000S\000s}{part.2}% 49
\BOOKMARK [1][-]{section.6.1}{\376\377\000C\000P\000S\000s\000\040\000a\000s\000\040\000M\000u\000l\000t\000i\000-\000a\000g\000e\000n\000t\000\040\000s\000y\000s\000t\000e\000m\000s}{chapter.6}% 50
\BOOKMARK [1][-]{section.6.2}{\376\377\000R\000e\000v\000i\000e\000w\000\040\000o\000f\000\040\000L\000T\000I\000\040\000s\000y\000s\000t\000e\000m\000s\000\040\000s\000t\000r\000u\000c\000t\000u\000r\000a\000l\000\040\000p\000r\000o\000p\000e\000r\000t\000i\000e\000s}{chapter.6}% 51
\BOOKMARK [2][-]{subsection.6.2.1}{\376\377\000C\000o\000n\000t\000r\000o\000l\000l\000a\000b\000i\000l\000t\000y\000\040\000o\000f\000\040\000a\000n\000\040\000L\000T\000I\000\040\000s\000y\000s\000t\000e\000m}{section.6.2}% 52
\BOOKMARK [2][-]{subsection.6.2.2}{\376\377\000O\000b\000s\000e\000r\000v\000a\000b\000i\000l\000i\000t\000y\000\040\000o\000f\000\040\000a\000n\000\040\000L\000T\000I\000\040\000s\000y\000s\000t\000e\000m}{section.6.2}% 53
\BOOKMARK [1][-]{section.6.3}{\376\377\000T\000h\000e\000\040\000c\000o\000m\000m\000u\000n\000i\000c\000a\000t\000i\000o\000n\000\040\000n\000e\000t\000w\000o\000r\000k\000\040\000t\000h\000r\000o\000u\000g\000h\000\040\000a\000\040\000d\000i\000g\000r\000a\000p\000h}{chapter.6}% 54
\BOOKMARK [0][-]{chapter.7}{\376\377\000E\000x\000p\000e\000r\000i\000m\000e\000n\000t\000a\000l\000\040\000m\000o\000d\000e\000l\000i\000n\000g\000\040\000o\000f\000\040\000t\000h\000e\000\040\000a\000g\000e\000n\000t\000s\000:\000\040\000S\000y\000s\000t\000e\000m\000\040\000i\000d\000e\000n\000t\000i\000f\000i\000c\000a\000t\000i\000o\000n}{part.2}% 55
\BOOKMARK [1][-]{section.7.1}{\376\377\000W\000h\000a\000t\000\040\000k\000i\000n\000d\000\040\000o\000f\000\040\000m\000o\000d\000e\000l\000?}{chapter.7}% 56
\BOOKMARK [1][-]{section.7.2}{\376\377\000S\000y\000s\000t\000e\000m\000\040\000I\000d\000e\000n\000t\000i\000f\000i\000c\000a\000t\000i\000o\000n\000:\000\040\000b\000l\000a\000c\000k\000-\000b\000o\000x\000\040\000g\000e\000n\000e\000r\000a\000l\000\040\000s\000e\000t\000t\000i\000n\000g}{chapter.7}% 57
\BOOKMARK [2][-]{subsection.7.2.1}{\376\377\000E\000x\000a\000m\000p\000l\000e\000\040\000\050\000n\000o\000i\000s\000e\000\040\000f\000r\000e\000e\000\051\000:\000\040\0002\000n\000d\000\040\000o\000r\000d\000e\000r\000\040\000L\000T\000I\000\040\000s\000y\000s\000t\000e\000m}{section.7.2}% 58
\BOOKMARK [2][-]{subsection.7.2.2}{\376\377\000E\000s\000t\000i\000m\000a\000t\000i\000o\000n\000\040\000o\000f\000\040\000t\000h\000e\000\040\000p\000a\000r\000a\000m\000e\000t\000e\000r\000s}{section.7.2}% 59
\BOOKMARK [2][-]{subsection.7.2.3}{\376\377\000B\000l\000a\000c\000k\000-\000b\000o\000x\000\040\000m\000o\000d\000e\000l\000s\000\040\000v\000s\000\040\000G\000r\000a\000y\000-\000b\000o\000x\000\040\000m\000o\000d\000e\000l\000s}{section.7.2}% 60
\BOOKMARK [2][-]{subsection.7.2.4}{\376\377\000T\000h\000e\000\040\000r\000o\000l\000e\000\040\000o\000f\000\040\000t\000h\000e\000\040\000a\000-\000p\000r\000i\000o\000r\000i\000\040\000i\000n\000f\000o\000r\000m\000a\000t\000i\000o\000n}{section.7.2}% 61
\BOOKMARK [2][-]{subsection.7.2.5}{\376\377\000F\000r\000o\000m\000\040\000t\000h\000e\000\040\000i\000d\000e\000a\000l\000\040\000s\000i\000t\000u\000a\000t\000i\000o\000n\000\040\000t\000o\000\040\000t\000h\000e\000\040\000r\000e\000a\000l\000\040\000e\000x\000p\000e\000r\000i\000m\000e\000n\000t}{section.7.2}% 62
\BOOKMARK [0][-]{chapter.8}{\376\377\000S\000e\000t\000-\000m\000e\000m\000b\000e\000r\000s\000h\000i\000p\000\040\000S\000y\000s\000t\000e\000m\000\040\000I\000d\000e\000n\000t\000i\000f\000i\000c\000a\000t\000i\000o\000n}{part.2}% 63
\BOOKMARK [1][-]{section.8.1}{\376\377\000M\000a\000i\000n\000\040\000i\000n\000g\000r\000e\000d\000i\000e\000n\000t\000s}{chapter.8}% 64
\BOOKMARK [1][-]{section.8.2}{\376\377\000N\000o\000i\000s\000e\000\040\000s\000t\000r\000u\000c\000t\000u\000r\000e\000s}{chapter.8}% 65
\BOOKMARK [2][-]{subsection.8.2.1}{\376\377\000E\000r\000r\000o\000r\000-\000I\000n\000-\000V\000a\000r\000i\000a\000b\000l\000e\000\040\000s\000e\000t\000-\000u\000p\000\040\000\050\000E\000I\000V\000\051}{section.8.2}% 66
\BOOKMARK [2][-]{subsection.8.2.2}{\376\377\000O\000u\000t\000p\000u\000t\000-\000E\000r\000r\000o\000r\000\040\000s\000e\000t\000-\000u\000p\000\050\000O\000E\000\051}{section.8.2}% 67
\BOOKMARK [1][-]{section.8.3}{\376\377\000F\000e\000a\000s\000i\000b\000l\000e\000\040\000P\000a\000r\000a\000m\000e\000t\000e\000r\000\040\000S\000e\000t\000\040\000\050\000F\000P\000S\000\051}{chapter.8}% 68
\BOOKMARK [2][-]{subsection.8.3.1}{\376\377\000E\000x\000a\000m\000p\000l\000e\000\040\000\043\0001}{section.8.3}% 69
\BOOKMARK [1][-]{section.8.4}{\376\377\000E\000x\000t\000e\000n\000d\000e\000d\000\040\000F\000e\000a\000s\000i\000b\000l\000e\000\040\000P\000a\000r\000a\000m\000e\000t\000e\000r\000\040\000S\000e\000t\000\040\000\050\000E\000F\000P\000S\000\051}{chapter.8}% 70
\BOOKMARK [2][-]{subsection.8.4.1}{\376\377\000E\000x\000a\000m\000p\000l\000e\000:\000\040\000F\000i\000r\000s\000t\000\040\000o\000r\000d\000e\000r\000\040\000s\000y\000s\000t\000e\000m}{section.8.4}% 71
\BOOKMARK [1][-]{section.8.5}{\376\377\000C\000o\000n\000v\000e\000x\000\040\000r\000e\000l\000a\000x\000a\000t\000i\000o\000n\000\040\000f\000o\000r\000\040\000P\000U\000I\000s\000\040\000c\000o\000m\000p\000u\000t\000a\000t\000i\000o\000n}{chapter.8}% 72
\BOOKMARK [2][-]{subsection.8.5.1}{\376\377\000S\000o\000l\000u\000t\000i\000o\000n\000\040\000o\000f\000\040\000a\000\040\000g\000e\000n\000e\000r\000i\000c\000\040\000P\000O\000P\000\040\000u\000s\000i\000n\000g\000\040\000S\000p\000a\000r\000s\000e\000P\000O\000P}{section.8.5}% 73
\BOOKMARK [0][-]{chapter.9}{\376\377\000S\000t\000a\000t\000e\000\040\000v\000a\000r\000i\000a\000b\000l\000e\000\040\000f\000e\000e\000d\000b\000a\000c\000k\000\040\000c\000o\000n\000t\000r\000o\000l\000\040\000\050\000S\000V\000F\000B\000\051}{part.2}% 74
\BOOKMARK [0][-]{chapter.10}{\376\377\000F\000o\000r\000m\000a\000t\000i\000o\000n\000\040\000c\000o\000n\000t\000o\000r\000l}{part.2}% 75
